<?xml version="1.0" encoding="UTF-8"?>
<!-- Generated by org.testng.reporters.JUnitXMLReporter -->
<testsuite hostname="Menefrego" name="Default test" tests="7" failures="0" timestamp="2 Apr 2014 08:15:46 GMT" time="18.285" errors="0">
  <testcase name="modifySomeGroup" time="1.627" classname="com.example.tests.GroupModificationTest"/>
  <testcase name="testEmptyGroupCreation" time="1.308" classname="com.example.tests.GroupCreationTests"/>
  <testcase name="testNonEmptyGroupCreation" time="1.488" classname="com.example.tests.GroupCreationTests"/>
  <testcase name="testContactData" time="2.471" classname="com.example.tests.ContactCreationTests"/>
  <testcase name="modifySomeContact" time="0.951" classname="com.example.tests.ContactModificationTests"/>
  <testcase name="deleteSomeContact" time="0.482" classname="com.example.tests.ContactRemovalTests"/>
  <testcase name="deleteSomeGroup" time="1.41" classname="com.example.tests.GroupRemovalTests"/>
</testsuite> <!-- Default test -->
