<?xml version="1.0" encoding="UTF-8"?>
<!-- Generated by org.testng.reporters.JUnitXMLReporter -->
<testsuite hostname="Menefrego" name="Default test" tests="3" failures="0" timestamp="11 Mar 2014 21:13:04 GMT" time="13.16" errors="0">
  <testcase name="testContactData" time="1.687" classname="com.example.tests.ContactCreationTests"/>
  <testcase name="testEmptyGroupCreation" time="0.734" classname="com.example.tests.GroupCreationTests"/>
  <testcase name="testNonEmptyGroupCreation" time="0.761" classname="com.example.tests.GroupCreationTests"/>
</testsuite> <!-- Default test -->
