<?xml version="1.0" encoding="UTF-8"?>
<testng-results skipped="0" failed="0" total="3" passed="3">
  <reporter-output>
  </reporter-output>
  <suite name="Default suite" duration-ms="13160" started-at="2014-03-11T21:12:50Z" finished-at="2014-03-11T21:13:04Z">
    <groups>
    </groups>
    <test name="Default test" duration-ms="13160" started-at="2014-03-11T21:12:50Z" finished-at="2014-03-11T21:13:04Z">
      <class name="com.example.tests.GroupCreationTests">
        <test-method status="PASS" signature="setUp()[pri:0, instance:com.example.tests.GroupCreationTests@52bd6f9e]" name="setUp" is-config="true" duration-ms="9797" started-at="2014-03-11T23:12:50Z" finished-at="2014-03-11T23:13:00Z">
          <reporter-output>
          </reporter-output>
        </test-method> <!-- setUp -->
        <test-method status="PASS" signature="testEmptyGroupCreation()[pri:0, instance:com.example.tests.GroupCreationTests@52bd6f9e]" name="testEmptyGroupCreation" duration-ms="734" started-at="2014-03-11T23:13:02Z" finished-at="2014-03-11T23:13:03Z">
          <reporter-output>
          </reporter-output>
        </test-method> <!-- testEmptyGroupCreation -->
        <test-method status="PASS" signature="testNonEmptyGroupCreation()[pri:0, instance:com.example.tests.GroupCreationTests@52bd6f9e]" name="testNonEmptyGroupCreation" duration-ms="761" started-at="2014-03-11T23:13:03Z" finished-at="2014-03-11T23:13:03Z">
          <reporter-output>
          </reporter-output>
        </test-method> <!-- testNonEmptyGroupCreation -->
        <test-method status="PASS" signature="tearDown()[pri:0, instance:com.example.tests.GroupCreationTests@52bd6f9e]" name="tearDown" is-config="true" duration-ms="170" started-at="2014-03-11T23:13:03Z" finished-at="2014-03-11T23:13:04Z">
          <reporter-output>
          </reporter-output>
        </test-method> <!-- tearDown -->
      </class> <!-- com.example.tests.GroupCreationTests -->
      <class name="com.example.tests.ContactCreationTests">
        <test-method status="PASS" signature="testContactData()[pri:0, instance:com.example.tests.ContactCreationTests@33d02ffb]" name="testContactData" duration-ms="1687" started-at="2014-03-11T23:13:00Z" finished-at="2014-03-11T23:13:02Z">
          <reporter-output>
          </reporter-output>
        </test-method> <!-- testContactData -->
      </class> <!-- com.example.tests.ContactCreationTests -->
    </test> <!-- Default test -->
  </suite> <!-- Default suite -->
</testng-results>
