<?xml version="1.0" encoding="UTF-8"?>
<testng-results skipped="0" failed="0" total="1" passed="1">
  <reporter-output>
  </reporter-output>
  <suite name="Default suite" duration-ms="11692" started-at="2014-04-03T22:11:00Z" finished-at="2014-04-03T22:11:11Z">
    <groups>
    </groups>
    <test name="Default test" duration-ms="11692" started-at="2014-04-03T22:11:00Z" finished-at="2014-04-03T22:11:11Z">
      <class name="com.example.tests.GroupCreationTests">
        <test-method status="PASS" signature="setUp()[pri:0, instance:com.example.tests.GroupCreationTests@7a425f23]" name="setUp" is-config="true" duration-ms="8044" started-at="2014-04-04T01:11:00Z" finished-at="2014-04-04T01:11:08Z">
          <reporter-output>
          </reporter-output>
        </test-method> <!-- setUp -->
        <test-method status="PASS" signature="testNonEmptyGroupCreation()[pri:0, instance:com.example.tests.GroupCreationTests@7a425f23]" name="testNonEmptyGroupCreation" duration-ms="3485" started-at="2014-04-04T01:11:08Z" finished-at="2014-04-04T01:11:11Z">
          <reporter-output>
          </reporter-output>
        </test-method> <!-- testNonEmptyGroupCreation -->
        <test-method status="PASS" signature="tearDown()[pri:0, instance:com.example.tests.GroupCreationTests@7a425f23]" name="tearDown" is-config="true" duration-ms="156" started-at="2014-04-04T01:11:11Z" finished-at="2014-04-04T01:11:11Z">
          <reporter-output>
          </reporter-output>
        </test-method> <!-- tearDown -->
      </class> <!-- com.example.tests.GroupCreationTests -->
    </test> <!-- Default test -->
  </suite> <!-- Default suite -->
</testng-results>
